WARNING:lomond:disconnecting websocket
INFO:root:[{'answers': ['Ahh... Morning!', 'Arise, Mates', 'Ante Meridiem'], 'question_str': 'What does the "AM" stand for in 7:00 AM?', 'question_number': 2, 'question_count': 12}]
WARNING:lomond:disconnecting websocket
INFO:root:[{'answers': ['Ball python', 'Marbled salamander', 'Axolotl'], 'question_str': 'Which of these is a species of snake?', 'question_number': 3, 'question_count': 12}]
WARNING:lomond:disconnecting websocket
INFO:root:[{'answers': ['Secretary of State', 'Governor of Arizona', 'Supreme Court justice'], 'question_str': "Sandra Day O'Connor was the first woman to serve in what role?", 'question_number': 4, 'question_count': 12}]
WARNING:lomond:disconnecting websocket
INFO:root:[{'answers': ['Georgia', 'Peachtree', 'Southern'], 'question_str': 'Which of these words is most common in Atlanta street names?', 'question_number': 5, 'question_count': 12}]
WARNING:lomond:disconnecting websocket
INFO:root:[{'answers': ['Thomas Jefferson', 'John Hancock', 'John Adams'], 'question_str': 'Which of these historical figures did NOT serve as vice president?', 'question_number': 6, 'question_count': 12}]
WARNING:lomond:disconnecting websocket
INFO:root:[{'answers': ['Not reading them', 'Decorating the covers', 'Giving them away'], 'question_str': 'The Japanese word "tsundoku" means buying books and doing what with them?', 'question_number': 7, 'question_count': 12}]
WARNING:lomond:disconnecting websocket
INFO:root:[{'answers': ['Massachusetts', 'Pennsylvania', 'Virginia'], 'question_str': "Oregon's biggest city was a coin flip away from being named for what other state's biggest city?", 'question_number': 8, 'question_count': 12}]
WARNING:lomond:disconnecting websocket
INFO:root:[{'answers': ['Dire', 'Liar', 'Pyre'], 'question_str': 'Which of these words does NOT appear in The Doors\'s "Light My Fire"?', 'question_number': 9, 'question_count': 12}]
WARNING:lomond:disconnecting websocket
INFO:root:[{'answers': ['Garfield', 'Spice Girls', 'Al Gore'], 'question_str': 'Ahead of Google, who was associated with a free email service named G-mail?', 'question_number': 10, 'question_count': 12}]
WARNING:lomond:disconnecting websocket
INFO:root:[{'answers': ['New England Patriots', 'New York Giants', 'Dallas Cowboys'], 'question_str': 'By final score, what team won the closest Super Bowl of all time?', 'question_number': 11, 'question_count': 12}]
WARNING:lomond:disconnecting websocket
INFO:root:[{'answers': ["Three's Company", 'Happy Days', 'Soap'], 'question_str': "Jerry Seinfeld's sitcom debut took place on a spin-off of what show?", 'question_number': 12, 'question_count': 12}]
